Total messages: 13 (Errors: 10, Warnings: 0)
Returning 11 messages for level "info"

[INFO] %cDownload the React DevTools for a better development experience: https://react.dev/link/react-devtools font-weight:bold @ http://localhost:5177/node_modules/.vite/deps/react-dom_client.js?v=8571b6f2:20102
[ERROR] Failed to load resource: the server responded with a status of 401 (Unauthorized) @ http://localhost:3000/api/v1/inventory/categories:0
[ERROR] Failed to load resource: the server responded with a status of 401 (Unauthorized) @ http://localhost:3000/api/v1/inventory/materials:0
[ERROR] Failed to load resource: the server responded with a status of 401 (Unauthorized) @ http://localhost:3000/api/v1/inventory/materials:0
[ERROR] Failed to load resource: the server responded with a status of 401 (Unauthorized) @ http://localhost:3000/api/v1/fleet/tools:0
[ERROR] Failed to load resource: the server responded with a status of 401 (Unauthorized) @ http://localhost:3000/api/v1/sites:0
[ERROR] Failed to load resource: the server responded with a status of 401 (Unauthorized) @ http://localhost:3000/api/v1/fleet/vehicles:0
[ERROR] Sync from server failed: Error: API request failed
    at ApiClient.request (http://localhost:5177/src/lib/api/client.ts:41:13)
    at async Promise.all (index 0)
    at async syncFromServer (http://localhost:5177/src/lib/offline/sync.ts:15:49)
    at async fullSync (http://localhost:5177/src/lib/offline/sync.ts:55:5) @ http://localhost:5177/src/lib/offline/sync.ts:28
[ERROR] Failed to load resource: the server responded with a status of 401 (Unauthorized) @ http://localhost:3000/api/v1/inventory/categories:0
[ERROR] Failed to load resource: the server responded with a status of 401 (Unauthorized) @ http://localhost:3000/api/v1/inventory/materials:0
Error: API request failed
    at ApiClient.request (http://localhost:5177/src/lib/api/client.ts:41:13)
    at async Promise.all (index 0)
    at async syncFromServer (http://localhost:5177/src/lib/offline/sync.ts:15:49)
    at async fullSync (http://localhost:5177/src/lib/offline/sync.ts:55:5)